Determining if the pthread_create exist failed with the following output:
Change Dir: /home/turtlebot/catkin_ws/build/CMakeFiles/CMakeTmp

Run Build Command:/usr/bin/make "cmTryCompileExec3465834064/fast"
/usr/bin/make -f CMakeFiles/cmTryCompileExec3465834064.dir/build.make CMakeFiles/cmTryCompileExec3465834064.dir/build
make[1]: Entering directory `/home/turtlebot/catkin_ws/build/CMakeFiles/CMakeTmp'
/usr/bin/cmake -E cmake_progress_report /home/turtlebot/catkin_ws/build/CMakeFiles/CMakeTmp/CMakeFiles 1
Building C object CMakeFiles/cmTryCompileExec3465834064.dir/CheckSymbolExists.c.o
/usr/bin/cc    -o CMakeFiles/cmTryCompileExec3465834064.dir/CheckSymbolExists.c.o   -c /home/turtlebot/catkin_ws/build/CMakeFiles/CMakeTmp/CheckSymbolExists.c
Linking C executable cmTryCompileExec3465834064
/usr/bin/cmake -E cmake_link_script CMakeFiles/cmTryCompileExec3465834064.dir/link.txt --verbose=1
/usr/bin/cc       CMakeFiles/cmTryCompileExec3465834064.dir/CheckSymbolExists.c.o  -o cmTryCompileExec3465834064 -rdynamic 
CMakeFiles/cmTryCompileExec3465834064.dir/CheckSymbolExists.c.o: In function `main':
CheckSymbolExists.c:(.text+0x16): undefined reference to `pthread_create'
collect2: error: ld returned 1 exit status
make[1]: *** [cmTryCompileExec3465834064] Error 1
make[1]: Leaving directory `/home/turtlebot/catkin_ws/build/CMakeFiles/CMakeTmp'
make: *** [cmTryCompileExec3465834064/fast] Error 2

File /home/turtlebot/catkin_ws/build/CMakeFiles/CMakeTmp/CheckSymbolExists.c:
/* */
#include <pthread.h>

int main(int argc, char** argv)
{
  (void)argv;
#ifndef pthread_create
  return ((int*)(&pthread_create))[argc];
#else
  (void)argc;
  return 0;
#endif
}

Determining if the function pthread_create exists in the pthreads failed with the following output:
Change Dir: /home/turtlebot/catkin_ws/build/CMakeFiles/CMakeTmp

Run Build Command:/usr/bin/make "cmTryCompileExec199699990/fast"
/usr/bin/make -f CMakeFiles/cmTryCompileExec199699990.dir/build.make CMakeFiles/cmTryCompileExec199699990.dir/build
make[1]: Entering directory `/home/turtlebot/catkin_ws/build/CMakeFiles/CMakeTmp'
/usr/bin/cmake -E cmake_progress_report /home/turtlebot/catkin_ws/build/CMakeFiles/CMakeTmp/CMakeFiles 1
Building C object CMakeFiles/cmTryCompileExec199699990.dir/CheckFunctionExists.c.o
/usr/bin/cc   -DCHECK_FUNCTION_EXISTS=pthread_create   -o CMakeFiles/cmTryCompileExec199699990.dir/CheckFunctionExists.c.o   -c /usr/share/cmake-2.8/Modules/CheckFunctionExists.c
Linking C executable cmTryCompileExec199699990
/usr/bin/cmake -E cmake_link_script CMakeFiles/cmTryCompileExec199699990.dir/link.txt --verbose=1
/usr/bin/cc   -DCHECK_FUNCTION_EXISTS=pthread_create    CMakeFiles/cmTryCompileExec199699990.dir/CheckFunctionExists.c.o  -o cmTryCompileExec199699990 -rdynamic -lpthreads 
/usr/bin/ld: cannot find -lpthreads
collect2: error: ld returned 1 exit status
make[1]: *** [cmTryCompileExec199699990] Error 1
make[1]: Leaving directory `/home/turtlebot/catkin_ws/build/CMakeFiles/CMakeTmp'
make: *** [cmTryCompileExec199699990/fast] Error 2


